Using pre-set license
Built from '2020.3/release' branch; Version is '2020.3.12f1 (b3b2c6512326) revision 11776710'; Using compiler version '192528614'; Build Type 'Release'
OS: 'Windows 10 Enterprise LTSC 2019; OS build 17763.2061; Version 1809; 64bit' Language: 'ru' Physical Memory: 16329 MB
BatchMode: 1, IsHumanControllingUs: 0, StartBugReporterOnCrash: 0, Is64bit: 1, IsPro: 0

 COMMAND LINE ARGUMENTS:
C:\Program Files\Unity\Hub\Editor\2020.3.12f1\Editor\Unity.exe
-adb2
-batchMode
-noUpm
-name
AssetImportWorker0
-projectPath
E:/Unity Projects/Snake Pet Project
-logFile
Logs/AssetImportWorker0.log
-srvPort
53177
Successfully changed project path to: E:/Unity Projects/Snake Pet Project
E:/Unity Projects/Snake Pet Project
Using Asset Import Pipeline V2.
Refreshing native plugins compatible for Editor in 66.30 ms, found 3 plugins.
Preloading 0 native plugins for Editor in 0.00 ms.
Initialize engine version: 2020.3.12f1 (b3b2c6512326)
[Subsystems] Discovering subsystems at path C:/Program Files/Unity/Hub/Editor/2020.3.12f1/Editor/Data/Resources/UnitySubsystems
[Subsystems] Discovering subsystems at path E:/Unity Projects/Snake Pet Project/Assets
GfxDevice: creating device client; threaded=0
Direct3D:
    Version:  Direct3D 11.0 [level 11.1]
    Renderer: NVIDIA GeForce GT 1030 (ID=0x1d01)
    Vendor:   
    VRAM:     1982 MB
    Driver:   30.0.15.1215
Initialize mono
Mono path[0] = 'C:/Program Files/Unity/Hub/Editor/2020.3.12f1/Editor/Data/Managed'
Mono path[1] = 'C:/Program Files/Unity/Hub/Editor/2020.3.12f1/Editor/Data/MonoBleedingEdge/lib/mono/unityjit'
Mono config path = 'C:/Program Files/Unity/Hub/Editor/2020.3.12f1/Editor/Data/MonoBleedingEdge/etc'
Using monoOptions --debugger-agent=transport=dt_socket,embedding=1,server=y,suspend=n,address=127.0.0.1:56148
Begin MonoManager ReloadAssembly
Registering precompiled unity dll's ...
Register platform support module: C:/Program Files/Unity/Hub/Editor/2020.3.12f1/Editor/Data/PlaybackEngines/WindowsStandaloneSupport/UnityEditor.WindowsStandalone.Extensions.dll
Registered in 0.002240 seconds.
Native extension for WindowsStandalone target not found
Refreshing native plugins compatible for Editor in 66.82 ms, found 3 plugins.
Preloading 0 native plugins for Editor in 0.00 ms.
Mono: successfully reloaded assembly
- Completed reload, in  1.984 seconds
Platform modules already initialized, skipping
Registering precompiled user dll's ...
Registered in 0.003739 seconds.
Begin MonoManager ReloadAssembly
Native extension for WindowsStandalone target not found
Refreshing native plugins compatible for Editor in 0.83 ms, found 3 plugins.
Preloading 0 native plugins for Editor in 0.00 ms.
Mono: successfully reloaded assembly
- Completed reload, in  2.256 seconds
Platform modules already initialized, skipping
========================================================================
Worker process is ready to serve import requests
Launched and connected shader compiler UnityShaderCompiler.exe after 0.06 seconds
Refreshing native plugins compatible for Editor in 0.87 ms, found 3 plugins.
Preloading 0 native plugins for Editor in 0.00 ms.
Unloading 1848 Unused Serialized files (Serialized files now loaded: 0)
System memory in use before: 88.1 MB.
System memory in use after: 88.2 MB.

Unloading 22 unused Assets to reduce memory usage. Loaded Objects now: 2289.
Total: 4.608900 ms (FindLiveObjects: 0.397900 ms CreateObjectMapping: 0.096200 ms MarkObjects: 3.968100 ms  DeleteObjects: 0.144300 ms)

AssetImportParameters requested are different than current active one (requested -> active):
  custom:framework-win-MediaFoundation: 216162199b28c13a410421893ffa2e32 -> 
  custom:video-decoder-ogg-theora: a1e56fd34408186e4bbccfd4996cb3dc -> 
  custom:container-muxer-webm: aa71ff27fc2769a1b78a27578f13a17b -> 
  custom:container-demuxer-webm: 4f35f7cbe854078d1ac9338744f61a02 -> 
  custom:container-demuxer-ogg: 62fdf1f143b41e24485cea50d1cbac27 -> 
  custom:video-encoder-webm-vp8: eb34c28f22e8b96e1ab97ce403110664 -> 
  custom:video-decoder-webm-vp8: 9c59270c3fd7afecdb556c50c9e8de78 -> 
  custom:audio-decoder-ogg-vorbis: bf7c407c2cedff20999df2af8eb42d56 -> 
  custom:audio-encoder-webm-vorbis: bf7c407c2cedff20999df2af8eb42d56 -> 
========================================================================
Received Import Request.
  path: Assets/Prefabs/River.prefab
  artifactKey: Guid(4f0d129185b5e5d4185617dd6bd9350d) Importer(815301076,1909f56bfc062723c751e8b465ee728b)
Start importing Assets/Prefabs/River.prefab using Guid(4f0d129185b5e5d4185617dd6bd9350d) Importer(815301076,1909f56bfc062723c751e8b465ee728b)  -> (artifact id: '4aff9e0ccd1897a2513ffbe4c35f2f52') in 0.548557 seconds 
  Import took 0.554167 seconds .

========================================================================
Received Import Request.
  Time since last request: 0.000416 seconds.
  path: Assets/Prefabs/MainMenuButton.prefab
  artifactKey: Guid(51d497d015f2e1a41afeba56ef30c0aa) Importer(815301076,1909f56bfc062723c751e8b465ee728b)
Start importing Assets/Prefabs/MainMenuButton.prefab using Guid(51d497d015f2e1a41afeba56ef30c0aa) Importer(815301076,1909f56bfc062723c751e8b465ee728b)  -> (artifact id: 'ee7dd729611c75be781013514256740d') in 0.128087 seconds 
  Import took 0.133248 seconds .

========================================================================
Received Import Request.
  Time since last request: 0.000298 seconds.
  path: Assets/Prefabs/Cube.prefab
  artifactKey: Guid(d10c10db7df5083449bf1a34486606f9) Importer(815301076,1909f56bfc062723c751e8b465ee728b)
Start importing Assets/Prefabs/Cube.prefab using Guid(d10c10db7df5083449bf1a34486606f9) Importer(815301076,1909f56bfc062723c751e8b465ee728b)  -> (artifact id: 'e5740381bf7a4e4be59508feaac38e31') in 0.156088 seconds 
  Import took 0.160891 seconds .

========================================================================
Received Import Request.
  Time since last request: 0.000337 seconds.
  path: Assets/Prefabs/Tree 01 (1).prefab
  artifactKey: Guid(134245c77b9a03a43b8d284cf1a40f04) Importer(815301076,1909f56bfc062723c751e8b465ee728b)
Start importing Assets/Prefabs/Tree 01 (1).prefab using Guid(134245c77b9a03a43b8d284cf1a40f04) Importer(815301076,1909f56bfc062723c751e8b465ee728b)  -> (artifact id: 'c2ea75b2284d1254bbadf36237659c4b') in 0.166385 seconds 
  Import took 0.172791 seconds .

========================================================================
Received Import Request.
  Time since last request: 0.000318 seconds.
  path: Assets/Prefabs/Platform.prefab
  artifactKey: Guid(71c243c6f43af0c4284e797551a7ae6d) Importer(815301076,1909f56bfc062723c751e8b465ee728b)
Start importing Assets/Prefabs/Platform.prefab using Guid(71c243c6f43af0c4284e797551a7ae6d) Importer(815301076,1909f56bfc062723c751e8b465ee728b)  -> (artifact id: '9a6ad63991092452ade18a5f4337c53d') in 0.206048 seconds 
  Import took 0.212489 seconds .

AssetImportWorkerClient::OnTransportError - code=2 error=End of file
